[17/Jan/2017 08:47:30] DEBUG [mygift:94] in challenge
[17/Jan/2017 08:47:35] DEBUG [mygift:94] in challenge
[17/Jan/2017 08:47:47] DEBUG [mygift:94] in challenge
[17/Jan/2017 08:48:28] DEBUG [mygift:25] In Login
[17/Jan/2017 08:50:58] DEBUG [mygift:25] In Login
[17/Jan/2017 08:51:00] DEBUG [mygift:25] In Login
[17/Jan/2017 08:51:01] DEBUG [mygift:25] In Login
[17/Jan/2017 08:51:03] DEBUG [mygift:25] In Login
[17/Jan/2017 08:52:43] DEBUG [mygift:25] In Login
[17/Jan/2017 08:53:32] DEBUG [mygift:25] In Login
[17/Jan/2017 08:53:33] DEBUG [mygift:25] In Login
[17/Jan/2017 08:53:33] DEBUG [mygift:25] In Login
[17/Jan/2017 08:53:34] DEBUG [mygift:25] In Login
[17/Jan/2017 08:53:34] DEBUG [mygift:25] In Login
[17/Jan/2017 08:53:38] DEBUG [mygift:25] In Login
[17/Jan/2017 08:53:53] DEBUG [mygift:94] in challenge
[17/Jan/2017 08:59:11] DEBUG [mygift:25] In Login
[17/Jan/2017 08:59:22] DEBUG [mygift:94] in challenge
[17/Jan/2017 09:01:18] DEBUG [mygift:25] In Login
[17/Jan/2017 09:01:23] DEBUG [mygift:32] In Loginform
[17/Jan/2017 09:01:23] DEBUG [mygift:94] in challenge
[17/Jan/2017 09:04:10] DEBUG [mygift:25] In Login
[17/Jan/2017 09:09:59] DEBUG [mygift:25] In Login
[17/Jan/2017 09:10:07] DEBUG [mygift:32] In Loginform
[17/Jan/2017 09:10:07] DEBUG [mygift:94] in challenge
[17/Jan/2017 09:10:12] DEBUG [mygift:322] In hostname
[17/Jan/2017 09:10:49] DEBUG [mygift:438] In viewgift
[17/Jan/2017 09:10:54] DEBUG [mygift:336] In Host
[17/Jan/2017 09:12:20] DEBUG [mygift:336] In Host
[17/Jan/2017 09:14:26] DEBUG [mygift:336] In Host
[17/Jan/2017 09:14:43] DEBUG [mygift:94] in challenge
[17/Jan/2017 09:14:46] DEBUG [mygift:322] In hostname
[17/Jan/2017 09:14:50] DEBUG [mygift:179] in view challenge
[17/Jan/2017 09:14:56] DEBUG [mygift:179] in view challenge
[17/Jan/2017 09:15:01] DEBUG [mygift:94] in challenge
[17/Jan/2017 09:15:06] DEBUG [mygift:336] In Host
[17/Jan/2017 09:31:38] DEBUG [mygift:336] In Host
[17/Jan/2017 09:33:46] DEBUG [mygift:94] in challenge
[17/Jan/2017 09:33:49] DEBUG [mygift:94] in challenge
[17/Jan/2017 09:34:02] DEBUG [mygift:322] In hostname
[17/Jan/2017 09:34:29] DEBUG [mygift:179] in view challenge
[17/Jan/2017 09:35:42] DEBUG [mygift:94] in challenge
[17/Jan/2017 09:35:46] DEBUG [mygift:322] In hostname
[17/Jan/2017 09:36:43] DEBUG [mygift:94] in challenge
[17/Jan/2017 09:36:46] DEBUG [mygift:322] In hostname
[17/Jan/2017 09:38:28] DEBUG [mygift:94] in challenge
[17/Jan/2017 09:38:31] DEBUG [mygift:179] in view challenge
[17/Jan/2017 09:38:33] DEBUG [mygift:322] In hostname
[17/Jan/2017 09:41:20] DEBUG [mygift:94] in challenge
[17/Jan/2017 09:41:24] DEBUG [mygift:322] In hostname
[17/Jan/2017 09:41:35] DEBUG [mygift:179] in view challenge
[17/Jan/2017 09:44:15] DEBUG [mygift:94] in challenge
[17/Jan/2017 09:44:28] DEBUG [mygift:94] in challenge
[17/Jan/2017 09:45:01] DEBUG [mygift:336] In Host
[17/Jan/2017 09:45:06] DEBUG [mygift:94] in challenge
[17/Jan/2017 09:45:16] DEBUG [mygift:94] in challenge
[17/Jan/2017 09:46:12] DEBUG [mygift:94] in challenge
[17/Jan/2017 09:46:33] DEBUG [mygift:94] in challenge
[17/Jan/2017 09:46:38] DEBUG [mygift:322] In hostname
[17/Jan/2017 09:46:40] DEBUG [mygift:179] in view challenge
[17/Jan/2017 09:47:25] DEBUG [mygift:256] In approvechallenge
[17/Jan/2017 09:47:25] DEBUG [mygift:94] in challenge
[17/Jan/2017 09:47:30] DEBUG [mygift:322] In hostname
[17/Jan/2017 09:47:33] DEBUG [mygift:179] in view challenge
[17/Jan/2017 09:50:30] DEBUG [mygift:94] in challenge
[17/Jan/2017 09:50:35] DEBUG [mygift:322] In hostname
[17/Jan/2017 09:50:37] DEBUG [mygift:179] in view challenge
[17/Jan/2017 09:52:49] DEBUG [mygift:94] in challenge
[17/Jan/2017 09:52:53] DEBUG [mygift:322] In hostname
[17/Jan/2017 09:52:55] DEBUG [mygift:179] in view challenge
[17/Jan/2017 10:05:19] DEBUG [mygift:94] in challenge
[17/Jan/2017 10:05:24] DEBUG [mygift:322] In hostname
[17/Jan/2017 10:05:26] DEBUG [mygift:179] in view challenge
[17/Jan/2017 10:05:33] DEBUG [mygift:179] in view challenge
[17/Jan/2017 10:07:55] DEBUG [mygift:179] in view challenge
[17/Jan/2017 10:07:57] DEBUG [mygift:94] in challenge
[17/Jan/2017 10:08:03] DEBUG [mygift:322] In hostname
[17/Jan/2017 10:08:05] DEBUG [mygift:179] in view challenge
[17/Jan/2017 10:17:32] DEBUG [mygift:25] In Login
[17/Jan/2017 10:17:41] DEBUG [mygift:32] In Loginform
[17/Jan/2017 10:17:41] DEBUG [mygift:94] in challenge
[17/Jan/2017 10:17:46] DEBUG [mygift:322] In hostname
[17/Jan/2017 10:18:04] DEBUG [mygift:179] in view challenge
[17/Jan/2017 10:18:06] DEBUG [mygift:256] In approvechallenge
[17/Jan/2017 10:18:06] DEBUG [mygift:94] in challenge
[17/Jan/2017 10:18:10] DEBUG [mygift:322] In hostname
[17/Jan/2017 10:18:20] DEBUG [mygift:179] in view challenge
[17/Jan/2017 10:18:31] DEBUG [mygift:94] in challenge
[17/Jan/2017 10:18:33] DEBUG [mygift:179] in view challenge
[17/Jan/2017 10:18:38] DEBUG [mygift:322] In hostname
[17/Jan/2017 10:18:40] DEBUG [mygift:94] in challenge
[17/Jan/2017 10:18:44] DEBUG [mygift:322] In hostname
[17/Jan/2017 10:18:44] DEBUG [mygift:336] In Host
[17/Jan/2017 10:23:48] DEBUG [mygift:336] In Host
[17/Jan/2017 10:24:25] DEBUG [mygift:336] In Host
[17/Jan/2017 10:29:38] DEBUG [mygift:336] In Host
[17/Jan/2017 10:32:40] DEBUG [mygift:336] In Host
[17/Jan/2017 10:42:53] DEBUG [mygift:336] In Host
